C51 COMPILER V9.60.0.0   SSD1306                                                           02/06/2023 18:42:08 PAGE 1   


C51 COMPILER V9.60.0.0, COMPILATION OF MODULE SSD1306
OBJECT MODULE PLACED IN .\Objects\ssd1306.obj
COMPILER INVOKED BY: E:\EE\Keil_v5\C51\BIN\C51.EXE hardware\ssd1306.c LARGE OPTIMIZE(8,SPEED) BROWSE INCDIR(.\hardware;.
                    -\system) DEBUG OBJECTEXTEND PRINT(.\Listings\ssd1306.lst) OBJECT(.\Objects\ssd1306.obj)

line level    source

   1          #include <ssd1306.H>
   2          #include <iic.H>
   3          #include <f6x8.H>
   4          
   5          
   6          /* Absolute value */
   7          #define ABS(x)   ((x) > 0 ? (x) : -(x))
   8          
   9          static uchar SSD1306_Buffer[SSD1306_WIDTH * SSD1306_HEIGHT / 8];
  10          /* Private SSD1306 structure */
  11          typedef struct {
  12                  uint CurrentX;
  13                  uint CurrentY;
  14                  uchar Inverted;
  15                  uchar Initialized;
  16          } SSD1306_t;
  17          
  18          /* Private variable */
  19           SSD1306_t SSD1306;
  20          
  21          
  22          
  23          
  24          void SSD1306_WriteByte(uchar dat, uchar cmd)
  25          {
  26   1              iicStart();
  27   1              iicSendData(SSD1306_I2C_ADDR);
  28   1              iicWaitAck();
  29   1              iicSendData(cmd);
  30   1              iicWaitAck();
  31   1              iicSendData(dat);
  32   1              iicWaitAck();
  33   1              iicStop();
  34   1      }
  35          
  36          void OLED_Clear(void)  
  37          {  
  38   1              uchar i,n;                  
  39   1              for(i=0;i<8;i++)  
  40   1              {  
  41   2                      SSD1306_WriteByte (0xb0+i,OLED_CMD);    //设置页地址（0~7）
  42   2                      SSD1306_WriteByte (0x00,OLED_CMD);      //设置显示位置―列低地址
  43   2                      SSD1306_WriteByte (0x10,OLED_CMD);      //设置显示位置―列高地址   
  44   2                      for(n=0;n<128;n++)SSD1306_WriteByte(0,OLED_DATA); //write 0x00;
  45   2              } //更新显示
  46   1      }
  47          
  48          void OLED_Set_Pos(unsigned char x, unsigned char y) 
  49          {       
  50   1              SSD1306_WriteByte(0xb0+y,OLED_CMD);                                             //page y
  51   1              SSD1306_WriteByte(((x&0xf0)>>4)|0x10,OLED_CMD);//high 4 address
  52   1              SSD1306_WriteByte((x&0x0f),OLED_CMD);                                   //low 4 address
  53   1      } 
  54          
C51 COMPILER V9.60.0.0   SSD1306                                                           02/06/2023 18:42:08 PAGE 2   

  55          void OLED_ShowChar(uchar x,uchar y,uchar chr,uchar Char_Size)
  56          {       
  57   1              unsigned char c=0,i=0;  
  58   1                      c=chr-' ';//得到偏移后的值                      
  59   1                      if(x>Max_Column-1){x=0;y=y+2;}
  60   1                      if(Char_Size ==16)
  61   1                              {
  62   2                                      OLED_Set_Pos(x,y);      
  63   2                                      for(i=0;i<8;i++)
  64   2                                      SSD1306_WriteByte(F8X16[c*16+i],OLED_DATA);
  65   2                                      OLED_Set_Pos(x,y+1);
  66   2                                      for(i=0;i<8;i++)
  67   2                                      SSD1306_WriteByte(F8X16[c*16+i+8],OLED_DATA);
  68   2                              }
  69   1                      else 
  70   1                              {       
  71   2                                      OLED_Set_Pos(x,y);
  72   2                                      for(i=0;i<6;i++)
  73   2                                      SSD1306_WriteByte(F6x8[c][i],OLED_DATA);
  74   2                              }
  75   1      }
  76          
  77          
  78          
  79          
  80          void SSD1306_init()
  81          {       
  82   1        delay(100);
  83   1        SSD1306_WriteByte(0xAE,OLED_CMD); //display off
  84   1        SSD1306_WriteByte(0x20,OLED_CMD); //Set Memory Addressing Mode   
  85   1        SSD1306_WriteByte(0x10,OLED_CMD); //00,Horizontal Addressing Mode;01,Vertical Addressing Mode;10,Page Ad
             -dressing Mode (RESET);11,Invalid
  86   1        SSD1306_WriteByte(0xB0,OLED_CMD); //Set Page Start Address for Page Addressing Mode,0-7
  87   1        SSD1306_WriteByte(0xC1,OLED_CMD); //Set COM Output Scan Direction
  88   1        SSD1306_WriteByte(0x00,OLED_CMD); //---set low column address
  89   1        SSD1306_WriteByte(0x10,OLED_CMD); //---set high column address
  90   1        SSD1306_WriteByte(0x40,OLED_CMD); //--set start line address
  91   1        SSD1306_WriteByte(0x81,OLED_CMD); //--set contrast control register
  92   1        SSD1306_WriteByte(0xFF,OLED_CMD);
  93   1        SSD1306_WriteByte(0xA1,OLED_CMD); //--set segment re-map 0 to 127 0xa0,if upside down
  94   1        SSD1306_WriteByte(0xC8,OLED_CMD); //--set segment re-map 0 to 127 0xc0,if upside down
  95   1        SSD1306_WriteByte(0xA6,OLED_CMD); //--set normal display
  96   1        SSD1306_WriteByte(0xA8,OLED_CMD); //--set multiplex ratio(1 to 64)
  97   1        SSD1306_WriteByte(0x3F,OLED_CMD); //
  98   1        SSD1306_WriteByte(0xA4,OLED_CMD); //0xa4,Output follows RAM content;0xa5,Output ignores RAM content
  99   1        SSD1306_WriteByte(0xD3,OLED_CMD); //-set display offset
 100   1        SSD1306_WriteByte(0x00,OLED_CMD); //-not offset
 101   1        SSD1306_WriteByte(0xD5,OLED_CMD); //--set display clock divide ratio/oscillator frequency
 102   1        SSD1306_WriteByte(0xF0,OLED_CMD); //--set divide ratio
 103   1        SSD1306_WriteByte(0xD9,OLED_CMD); //--set pre-charge period
 104   1        SSD1306_WriteByte(0x22,OLED_CMD); //
 105   1        SSD1306_WriteByte(0xDA,OLED_CMD); //--set com pins hardware configuration
 106   1        SSD1306_WriteByte(0x12,OLED_CMD);
 107   1        SSD1306_WriteByte(0xDB,OLED_CMD); //--set vcomh
 108   1        SSD1306_WriteByte(0x20,OLED_CMD); //0x20,0.77xVcc
 109   1        SSD1306_WriteByte(0x8D,OLED_CMD); //--set DC-DC enable
 110   1        SSD1306_WriteByte(0x14,OLED_CMD); //
 111   1        SSD1306_WriteByte(0xAF,OLED_CMD); //--turn on SSD1306 panel
 112   1      }
 113          
 114          
 115          void SSD1306_ON(void) {
C51 COMPILER V9.60.0.0   SSD1306                                                           02/06/2023 18:42:08 PAGE 3   

 116   1              SSD1306_WriteByte(0x8D,OLED_CMD);  
 117   1              SSD1306_WriteByte(0x14,OLED_CMD);  
 118   1              SSD1306_WriteByte(0xAF,OLED_CMD);  
 119   1      }
 120          void SSD1306_OFF(void) {
 121   1              SSD1306_WriteByte(0x8D,OLED_CMD);  
 122   1              SSD1306_WriteByte(0x10,OLED_CMD);
 123   1              SSD1306_WriteByte(0xAE,OLED_CMD);  
 124   1      }
 125          
 126          
 127          uint oled_pow(uchar m,uchar n)
 128          {
 129   1              uint result=1;   
 130   1              while(n--)result*=m;    
 131   1              return result;
 132   1      }                       
 133          
 134          //显示2个数字
 135          //x,y :起点坐标  
 136          //len :数字的位数
 137          //size:字体大小
 138          //mode:模式     0,填充模式;1,叠加模式
 139          //num:数值(0~4294967295);                         
 140          void OLED_ShowNum(uchar x,uchar y,uint num,uchar len,uchar size2)
 141          {               
 142   1              uchar t,temp;
 143   1              uchar enshow=0;                                            
 144   1              for(t=0;t<len;t++)
 145   1              {
 146   2                      temp=(num/oled_pow(10,len-t-1))%10;
 147   2                      if(enshow==0&&t<(len-1))
 148   2                      {
 149   3                              if(temp==0)
 150   3                              {
 151   4                                      OLED_ShowChar(x+(size2/2)*t,y,' ',size2);
 152   4                                      continue;
 153   4                              }else enshow=1; 
 154   3                               
 155   3                      }
 156   2                      OLED_ShowChar(x+(size2/2)*t,y,temp+'0',size2); 
 157   2              }
 158   1      } 
 159          
 160          //显示一个字符号串
 161          void OLED_ShowString(uchar x,uchar y,uchar *chr,uchar Char_Size)
 162          {
 163   1              unsigned char j=0;
 164   1              while (chr[j]!='\0')
 165   1              {               OLED_ShowChar(x,y,chr[j],Char_Size);
 166   2                              x+=8;
 167   2                      if(x>120){x=0;y+=2;}
 168   2                              j++;
 169   2              }
 170   1      }
 171          
 172          //显示汉字
 173          void OLED_ShowCHinese(uchar x,uchar y,uchar no)
 174          {                           
 175   1              uchar t,adder=0;
 176   1              OLED_Set_Pos(x,y);      
 177   1          for(t=0;t<16;t++)
C51 COMPILER V9.60.0.0   SSD1306                                                           02/06/2023 18:42:08 PAGE 4   

 178   1                      {
 179   2                                      SSD1306_WriteByte(Hzk[2*no][t],OLED_DATA);
 180   2                                      adder+=1;
 181   2           }  
 182   1                      OLED_Set_Pos(x,y+1);    
 183   1          for(t=0;t<16;t++)
 184   1                              {       
 185   2                                      SSD1306_WriteByte(Hzk[2*no+1][t],OLED_DATA);
 186   2                                      adder+=1;
 187   2            }                                 
 188   1      }
 189          
 190          /***********功能描述：显示显示BMP图片128×64起始点坐标(x,y),x的范围0～127，y为页的范围0～7****************
             -*/
 191          void OLED_DrawBMP(unsigned char x0, unsigned char y0,unsigned char x1, unsigned char y1,unsigned char BMP[
             -])
 192          {       
 193   1       unsigned int j=0;
 194   1       unsigned char x,y;
 195   1        
 196   1        if(y1%8==0) y=y1/8;      
 197   1        else y=y1/8+1;
 198   1              for(y=y0;y<y1;y++)
 199   1              {
 200   2                      OLED_Set_Pos(x0,y);
 201   2          for(x=x0;x<x1;x++)
 202   2                  {      
 203   3                      SSD1306_WriteByte(BMP[j++],OLED_DATA);          
 204   3                  }
 205   2              }
 206   1      } 
 207          
 208          
 209          
 210          
 211          
 212          
 213          
 214          
 215          void OLED_Init(void)
 216          {       
 217   1       
 218   1              SSD1306_WriteByte(0xAE,OLED_CMD);//--display off
 219   1              
 220   1              SSD1306_WriteByte(0x00,OLED_CMD);//---set low column address
 221   1              SSD1306_WriteByte(0x10,OLED_CMD);//---set high column address
 222   1              SSD1306_WriteByte(0x40,OLED_CMD);//--set start line address  
 223   1              SSD1306_WriteByte(0xB0,OLED_CMD);//--set page address
 224   1              
 225   1              SSD1306_WriteByte(0x81,OLED_CMD); // contract control对比度
 226   1              SSD1306_WriteByte(0xFF,OLED_CMD);//--128 
 227   1        
 228   1              SSD1306_WriteByte(0xA1,OLED_CMD);//set segment remap 
 229   1              SSD1306_WriteByte(0xA6,OLED_CMD);//--normal / reverse正常或逆向
 230   1              
 231   1              SSD1306_WriteByte(0xA8,OLED_CMD);//--set multiplex ratio(1 to 64)
 232   1              SSD1306_WriteByte(0x3F,OLED_CMD);//--1/32 duty
 233   1              
 234   1              SSD1306_WriteByte(0xC8,OLED_CMD);//Com scan direction
 235   1              
 236   1              SSD1306_WriteByte(0xD3,OLED_CMD);//-set display offset
 237   1              SSD1306_WriteByte(0x00,OLED_CMD);//no offset
C51 COMPILER V9.60.0.0   SSD1306                                                           02/06/2023 18:42:08 PAGE 5   

 238   1              
 239   1              SSD1306_WriteByte(0xD5,OLED_CMD);//set osc division
 240   1              SSD1306_WriteByte(0x80,OLED_CMD);//default
 241   1              
 242   1              SSD1306_WriteByte(0xD8,OLED_CMD);//set area color mode off
 243   1              SSD1306_WriteByte(0x05,OLED_CMD);//
 244   1              
 245   1              SSD1306_WriteByte(0xD9,OLED_CMD);//Set Pre-Charge Period
 246   1              SSD1306_WriteByte(0xF1,OLED_CMD);//
 247   1              
 248   1              SSD1306_WriteByte(0xDA,OLED_CMD);//set com pin configuartion
 249   1              SSD1306_WriteByte(0x12,OLED_CMD);//
 250   1              
 251   1              SSD1306_WriteByte(0xDB,OLED_CMD);//set Vcomh可调亮度
 252   1              SSD1306_WriteByte(0x40,OLED_CMD);//default 
 253   1              
 254   1              SSD1306_WriteByte(0x8D,OLED_CMD);//set charge pump enable电荷泵
 255   1              SSD1306_WriteByte(0x14,OLED_CMD);//display on
 256   1              
 257   1              SSD1306_WriteByte(0xAF,OLED_CMD);//--turn on oled panel
 258   1      } 
 259          
 260          


MODULE INFORMATION:   STATIC OVERLAYABLE
   CODE SIZE        =   1464    ----
   CONSTANT SIZE    =   2168    ----
   XDATA SIZE       =    102      44
   PDATA SIZE       =   ----    ----
   DATA SIZE        =   ----    ----
   IDATA SIZE       =   ----    ----
   BIT SIZE         =   ----    ----
END OF MODULE INFORMATION.


C51 COMPILATION COMPLETE.  0 WARNING(S),  0 ERROR(S)
