C51 COMPILER V9.60.0.0   UART                                                              02/06/2023 18:42:09 PAGE 1   


C51 COMPILER V9.60.0.0, COMPILATION OF MODULE UART
OBJECT MODULE PLACED IN .\Objects\uart.obj
COMPILER INVOKED BY: E:\EE\Keil_v5\C51\BIN\C51.EXE system\uart.c LARGE OPTIMIZE(8,SPEED) BROWSE INCDIR(.\hardware;.\syst
                    -em) DEBUG OBJECTEXTEND PRINT(.\Listings\uart.lst) OBJECT(.\Objects\uart.obj)

line level    source

   1          #include <STC89C5xRC.H>
   2          #include "public.h"
   3          
   4          void UART_Init(void)            //9600bps@11.0592MHz
   5          {
   6   1              PCON &= 0x7F;           //波特率不倍速
   7   1              SCON = 0x50;            //8位数据,可变波特率
   8   1              TMOD &= 0x0F;           //设置定时器模式
   9   1              TMOD |= 0x20;           //设置定时器模式
  10   1              TL1 = 0xFD;                     //设置定时初始值
  11   1              TH1 = 0xFD;                     //设置定时重载值
  12   1              ET1 = 0;                        //禁止定时器中断
  13   1              TR1 = 1;                        //定时器1开始计时
  14   1              EA=1;
  15   1              ES=1;
  16   1      }
  17          
  18          
  19          void UART_Send(uchar byte)
  20          {
  21   1              SBUF=byte;
  22   1              while(TI==0);
  23   1              TI=0;
  24   1      }
  25          
  26          /*
  27          void UART_IT() interrupt 4
  28          {
  29                  if(RI==1)
  30                  {
  31                          P0=~SBUF;
  32                          UART_Send(SBUF);
  33                          RI=0;
  34                  }
  35                  
  36          }
  37          */


MODULE INFORMATION:   STATIC OVERLAYABLE
   CODE SIZE        =     35    ----
   CONSTANT SIZE    =   ----    ----
   XDATA SIZE       =   ----    ----
   PDATA SIZE       =   ----    ----
   DATA SIZE        =   ----    ----
   IDATA SIZE       =   ----    ----
   BIT SIZE         =   ----    ----
END OF MODULE INFORMATION.


C51 COMPILATION COMPLETE.  0 WARNING(S),  0 ERROR(S)
