C51 COMPILER V9.60.0.0   TM1638                                                            02/04/2023 19:24:03 PAGE 1   


C51 COMPILER V9.60.0.0, COMPILATION OF MODULE TM1638
OBJECT MODULE PLACED IN .\Objects\tm1638.obj
COMPILER INVOKED BY: E:\EE\Keil_v5\C51\BIN\C51.EXE hardware\tm1638.c LARGE OPTIMIZE(8,SPEED) BROWSE INCDIR(.\hardware;.\
                    -system) DEBUG OBJECTEXTEND PRINT(.\Listings\tm1638.lst) OBJECT(.\Objects\tm1638.obj)

line level    source

   1          #include "tm1638.h"
   2          
   3          //共18个，其中第17个为-，第后位不显示
   4          unsigned char code tab[]=
   5                  {0x3F,0x06,0x5B,0x4F,0x66,0x6D,0x7D,0x07,
   6              0x7F,0x6F,0x77,0x7C,0x39,0x5E,0x79,0x71,0x40,0x00};
   7          
   8          
   9          void TM1638_WriteByte(uchar     DATA)                   //写数据函数
  10          {
  11   1              unsigned char i;
  12   1              for(i=0;i<8;i++)
  13   1              {
  14   2                      
  15   2                      if(DATA&0X01)
  16   2                              DIO=1;
  17   2                      else
  18   2                              DIO=0;
  19   2                      DATA>>=1;
  20   2                      CLK=0;
  21   2                      CLK=1;                                                          //产生一个上升沿
  22   2              }
  23   1      }
  24          
  25          void TM1638_COM(unsigned char cmd)                      //发送命令字
  26          {
  27   1              STB=0;
  28   1              TM1638_WriteByte(cmd);
  29   1              STB=1;
  30   1      }
  31          
  32          
  33          void TM1638_Init()
  34          {
  35   1              uchar i;
  36   1              TM1638_COM(0x8b);                                       //默认中间挡
  37   1              TM1638_COM(0x40);                                       //采用地址自动加1
  38   1              STB=0;                     
  39   1              TM1638_WriteByte(0xc0);                                 //设置起始地址
  40   1      
  41   1              for(i=0;i<16;i++)                                               //传送16个字节的数据
  42   1                      TM1638_WriteByte(0x00);
  43   1              STB=1;
  44   1      }
  45          
  46          void TM1638_SetLight(uchar light)                       //亮度 (0x88-0x8f)8级亮度可调
  47          {
  48   1              TM1638_COM(0x88+light);
  49   1      }
  50          
  51          
  52          
  53          
  54          void TM1638_ShowNum(unsigned char pos,unsigned char DATA)       //指定地址写入数据
C51 COMPILER V9.60.0.0   TM1638                                                            02/04/2023 19:24:03 PAGE 2   

  55          {
  56   1              
  57   1              pos-=1;
  58   1              TM1638_COM(0x44);
  59   1              STB=0;
  60   1              TM1638_WriteByte(0xc0+pos*2);
  61   1              TM1638_WriteByte(tab[DATA]);
  62   1              STB=1;
  63   1      }
  64          
  65          void TM1638_ShowTime(uchar hour,uchar min,uchar sec)            //显示时间
  66          {
  67   1              TM1638_ShowNum(1,hour/10);
  68   1              TM1638_ShowNum(2,hour%10);
  69   1              
  70   1              TM1638_ShowNum(3,16);
  71   1              
  72   1              TM1638_ShowNum(4,min/10);
  73   1              TM1638_ShowNum(5,min%10);
  74   1              
  75   1              TM1638_ShowNum(6,16);
  76   1              
  77   1              TM1638_ShowNum(7,sec/10);
  78   1              TM1638_ShowNum(8,sec%10);
  79   1      }
  80          
  81          void TM1638_ShowNumber(unsigned long number)                            //右对齐显示一个8位的十进制数
  82          {
  83   1      
  84   1              unsigned long int f=1;
  85   1              unsigned long int i=1;
  86   1              uchar len=0;
  87   1      
  88   1              if(number==0)
  89   1                      len=1;
  90   1              while((number/f)!=0)
  91   1              {
  92   2                      f=f*10;
  93   2                      len++;
  94   2              }
  95   1              for(f=1;f<=8;f++)
  96   1              {
  97   2                      if(f<=len)
  98   2                      {
  99   3                              TM1638_ShowNum(9-f,(number/i)%10);
 100   3                              i=i*10;
 101   3                      }
 102   2                      else
 103   2                              TM1638_ShowNum(9-f,17);
 104   2                      
 105   2              }
 106   1              
 107   1      }
 108          
 109          
 110          


MODULE INFORMATION:   STATIC OVERLAYABLE
   CODE SIZE        =    546    ----
   CONSTANT SIZE    =     18    ----
   XDATA SIZE       =   ----      13
C51 COMPILER V9.60.0.0   TM1638                                                            02/04/2023 19:24:03 PAGE 3   

   PDATA SIZE       =   ----    ----
   DATA SIZE        =   ----    ----
   IDATA SIZE       =   ----    ----
   BIT SIZE         =   ----    ----
END OF MODULE INFORMATION.


C51 COMPILATION COMPLETE.  0 WARNING(S),  0 ERROR(S)
